# JRE version: OpenJDK Runtime Environment (11.0.15) (build 11.0.15+0-b2043.56-9505619)
# Java VM: OpenJDK 64-Bit Server VM (11.0.15+0-b2043.56-9505619, mixed mode, tiered, compressed oops, g1 gc, windows-amd64)
Heap:
 garbage-first heap   total 131072K, used 111979K [0x00000000a0000000, 0x0000000100000000)
  region size 1024K, 5 young (5120K), 1 survivors (1024K)
 Metaspace       used 98325K, capacity 102094K, committed 102352K, reserved 1136640K
  class space    used 12959K, capacity 14371K, committed 14464K, reserved 1048576K
GC Heap History (20 events):
Event: 104.511 GC heap before
{Heap before GC invocations=46 (full 0):
 garbage-first heap   total 131072K, used 112700K [0x00000000a0000000, 0x0000000100000000)
  region size 1024K, 25 young (25600K), 4 survivors (4096K)
 Metaspace       used 94852K, capacity 98160K, committed 98384K, reserved 1134592K
  class space    used 12508K, capacity 13758K, committed 13824K, reserved 1048576K
}
Event: 104.525 GC heap after
{Heap after GC invocations=47 (full 0):
 garbage-first heap   total 131072K, used 93331K [0x00000000a0000000, 0x0000000100000000)
  region size 1024K, 3 young (3072K), 3 survivors (3072K)
 Metaspace       used 94852K, capacity 98160K, committed 98384K, reserved 1134592K
  class space    used 12508K, capacity 13758K, committed 13824K, reserved 1048576K
}
Event: 107.674 GC heap before
{Heap before GC invocations=48 (full 0):
 garbage-first heap   total 131072K, used 111763K [0x00000000a0000000, 0x0000000100000000)
  region size 1024K, 22 young (22528K), 3 survivors (3072K)
 Metaspace       used 95981K, capacity 99342K, committed 99536K, reserved 1134592K
  class space    used 12638K, capacity 13946K, committed 13952K, reserved 1048576K
}
Event: 107.685 GC heap after
{Heap after GC invocations=49 (full 0):
 garbage-first heap   total 131072K, used 94948K [0x00000000a0000000, 0x0000000100000000)
  region size 1024K, 2 young (2048K), 2 survivors (2048K)
 Metaspace       used 95981K, capacity 99342K, committed 99536K, reserved 1134592K
  class space    used 12638K, capacity 13946K, committed 13952K, reserved 1048576K
}
Event: 108.213 GC heap before
{Heap before GC invocations=49 (full 0):
 garbage-first heap   total 131072K, used 101092K [0x00000000a0000000, 0x0000000100000000)
  region size 1024K, 9 young (9216K), 2 survivors (2048K)
 Metaspace       used 96317K, capacity 99802K, committed 99920K, reserved 1134592K
  class space    used 12683K, capacity 13994K, committed 14080K, reserved 1048576K
}
Event: 108.228 GC heap after
{Heap after GC invocations=50 (full 0):
 garbage-first heap   total 131072K, used 95517K [0x00000000a0000000, 0x0000000100000000)
  region size 1024K, 2 young (2048K), 2 survivors (2048K)
 Metaspace       used 96317K, capacity 99802K, committed 99920K, reserved 1134592K
  class space    used 12683K, capacity 13994K, committed 14080K, reserved 1048576K
}
Event: 110.059 GC heap before
{Heap before GC invocations=51 (full 0):
 garbage-first heap   total 131072K, used 112925K [0x00000000a0000000, 0x0000000100000000)
  region size 1024K, 18 young (18432K), 2 survivors (2048K)
 Metaspace       used 96732K, capacity 100323K, committed 100432K, reserved 1136640K
  class space    used 12735K, capacity 14078K, committed 14080K, reserved 1048576K
}
Event: 110.072 GC heap after
{Heap after GC invocations=52 (full 0):
 garbage-first heap   total 131072K, used 100313K [0x00000000a0000000, 0x0000000100000000)
  region size 1024K, 3 young (3072K), 3 survivors (3072K)
 Metaspace       used 96732K, capacity 100323K, committed 100432K, reserved 1136640K
  class space    used 12735K, capacity 14078K, committed 14080K, reserved 1048576K
}
Event: 112.813 GC heap before
{Heap before GC invocations=52 (full 0):
 garbage-first heap   total 131072K, used 112601K [0x00000000a0000000, 0x0000000100000000)
  region size 1024K, 16 young (16384K), 3 survivors (3072K)
 Metaspace       used 97414K, capacity 100983K, committed 101200K, reserved 1136640K
  class space    used 12877K, capacity 14230K, committed 14336K, reserved 1048576K
}
Event: 112.837 GC heap after
{Heap after GC invocations=53 (full 0):
 garbage-first heap   total 131072K, used 102226K [0x00000000a0000000, 0x0000000100000000)
  region size 1024K, 2 young (2048K), 2 survivors (2048K)
 Metaspace       used 97414K, capacity 100983K, committed 101200K, reserved 1136640K
  class space    used 12877K, capacity 14230K, committed 14336K, reserved 1048576K
}
Event: 114.276 GC heap before
{Heap before GC invocations=54 (full 0):
 garbage-first heap   total 131072K, used 112466K [0x00000000a0000000, 0x0000000100000000)
  region size 1024K, 13 young (13312K), 2 survivors (2048K)
 Metaspace       used 97569K, capacity 101141K, committed 101456K, reserved 1136640K
  class space    used 12880K, capacity 14234K, committed 14336K, reserved 1048576K
}
Event: 114.285 GC heap after
{Heap after GC invocations=55 (full 0):
 garbage-first heap   total 131072K, used 102676K [0x00000000a0000000, 0x0000000100000000)
  region size 1024K, 1 young (1024K), 1 survivors (1024K)
 Metaspace       used 97569K, capacity 101141K, committed 101456K, reserved 1136640K
  class space    used 12880K, capacity 14234K, committed 14336K, reserved 1048576K
}
Event: 115.336 GC heap before
{Heap before GC invocations=55 (full 0):
 garbage-first heap   total 131072K, used 112916K [0x00000000a0000000, 0x0000000100000000)
  region size 1024K, 11 young (11264K), 1 survivors (1024K)
 Metaspace       used 97841K, capacity 101601K, committed 101712K, reserved 1136640K
  class space    used 12919K, capacity 14311K, committed 14336K, reserved 1048576K
}
Event: 115.348 GC heap after
{Heap after GC invocations=56 (full 0):
 garbage-first heap   total 131072K, used 105208K [0x00000000a0000000, 0x0000000100000000)
  region size 1024K, 2 young (2048K), 2 survivors (2048K)
 Metaspace       used 97841K, capacity 101601K, committed 101712K, reserved 1136640K
  class space    used 12919K, capacity 14311K, committed 14336K, reserved 1048576K
}
Event: 116.194 GC heap before
{Heap before GC invocations=57 (full 0):
 garbage-first heap   total 131072K, used 113400K [0x00000000a0000000, 0x0000000100000000)
  region size 1024K, 10 young (10240K), 2 survivors (2048K)
 Metaspace       used 97949K, capacity 101677K, committed 101712K, reserved 1136640K
  class space    used 12919K, capacity 14311K, committed 14336K, reserved 1048576K
}
Event: 116.203 GC heap after
{Heap after GC invocations=58 (full 0):
 garbage-first heap   total 131072K, used 105566K [0x00000000a0000000, 0x0000000100000000)
  region size 1024K, 1 young (1024K), 1 survivors (1024K)
 Metaspace       used 97949K, capacity 101677K, committed 101712K, reserved 1136640K
  class space    used 12919K, capacity 14311K, committed 14336K, reserved 1048576K
}
Event: 116.860 GC heap before
{Heap before GC invocations=58 (full 0):
 garbage-first heap   total 131072K, used 112734K [0x00000000a0000000, 0x0000000100000000)
  region size 1024K, 8 young (8192K), 1 survivors (1024K)
 Metaspace       used 98208K, capacity 102014K, committed 102352K, reserved 1136640K
  class space    used 12954K, capacity 14367K, committed 14464K, reserved 1048576K
}
Event: 116.884 GC heap after
{Heap after GC invocations=59 (full 0):
 garbage-first heap   total 131072K, used 107222K [0x00000000a0000000, 0x0000000100000000)
  region size 1024K, 1 young (1024K), 1 survivors (1024K)
 Metaspace       used 98208K, capacity 102014K, committed 102352K, reserved 1136640K
  class space    used 12954K, capacity 14367K, committed 14464K, reserved 1048576K
}
Event: 117.790 GC heap before
{Heap before GC invocations=60 (full 0):
 garbage-first heap   total 131072K, used 113366K [0x00000000a0000000, 0x0000000100000000)
  region size 1024K, 7 young (7168K), 1 survivors (1024K)
 Metaspace       used 98311K, capacity 102093K, committed 102352K, reserved 1136640K
  class space    used 12959K, capacity 14371K, committed 14464K, reserved 1048576K
}
Event: 117.799 GC heap after
{Heap after GC invocations=61 (full 0):
 garbage-first heap   total 131072K, used 108907K [0x00000000a0000000, 0x0000000100000000)
  region size 1024K, 1 young (1024K), 1 survivors (1024K)
 Metaspace       used 98311K, capacity 102093K, committed 102352K, reserved 1136640K
  class space    used 12959K, capacity 14371K, committed 14464K, reserved 1048576K
}

